info it worked if it ends with ok
verbose cli [ 'node', '/usr/local/bin/npm', 'publish', '.' ]
info using npm@1.0.22
info using node@v0.4.10
verbose /usr/local/bin/node node symlink
verbose config file /Users/Alex/.npmrc
verbose config file /usr/local/etc/npmrc
verbose publish [ '.' ]
verbose cache add [ '.', undefined ]
silly testEngine { name: 'hem',
silly testEngine   description: 'CommonJS stitcher.',
silly testEngine   version: '0.0.2',
silly testEngine   author: { name: 'maccman' },
silly testEngine   licenses: 
silly testEngine    [ { type: 'MIT',
silly testEngine        url: 'https://github.com/maccman/hem/blob/master/LICENSE' } ],
silly testEngine   repository: 
silly testEngine    { type: 'git',
silly testEngine      url: 'git://github.com/maccman/hem.git' },
silly testEngine   engine: [ 'node >=0.1.102' ],
silly testEngine   main: './lib/hem.js',
silly testEngine   bin: { hem: './bin/hem' },
silly testEngine   dependencies: 
silly testEngine    { eco: '1.1.0-rc-1',
silly testEngine      'uglify-js': '~1.0.6',
silly testEngine      express: '~2.4.3',
silly testEngine      detective: '~0.0.1',
silly testEngine      optimist: '~0.2.6',
silly testEngine      'coffee-script': '~1.1.1' },
silly testEngine   _npmJsonOpts: 
silly testEngine    { file: 'package.json',
silly testEngine      wscript: false,
silly testEngine      contributors: false,
silly testEngine      serverjs: false },
silly testEngine   _id: 'hem@0.0.2',
silly testEngine   devDependencies: {},
silly testEngine   engines: { node: '*' },
silly testEngine   _engineSupported: true,
silly testEngine   _npmVersion: '1.0.22',
silly testEngine   _nodeVersion: 'v0.4.10',
silly testEngine   _defaultsLoaded: true,
silly testEngine   path: '/Users/Alex/hem',
silly testEngine   bundleDependencies: [] }
verbose caching package.json
verbose loadDefaults hem@0.0.2
verbose pack /Users/Alex/hem /var/folders/mY/mY4RjjHMFaioJYIOleW6yE+++TI/-Tmp-/npm-1312390086428/1312390086428-0.9398385505191982/tmp.tgz
verbose mkdir walkDirs /var
verbose mkdir walkDirs /var/folders
verbose mkdir walkDirs /var/folders/mY
verbose mkdir walkDirs /var/folders/mY/mY4RjjHMFaioJYIOleW6yE+++TI
verbose mkdir walkDirs /var/folders/mY/mY4RjjHMFaioJYIOleW6yE+++TI/-Tmp-
verbose mkdir walkDirs /var/folders/mY/mY4RjjHMFaioJYIOleW6yE+++TI/-Tmp-/npm-1312390086428
verbose mkdir (expected) error ENOENT, No such file or directory '/var/folders/mY/mY4RjjHMFaioJYIOleW6yE+++TI/-Tmp-/npm-1312390086428'
verbose mkdir walkDirs /var/folders/mY/mY4RjjHMFaioJYIOleW6yE+++TI/-Tmp-/npm-1312390086428/1312390086428-0.9398385505191982
verbose mkdir (expected) error ENOENT, No such file or directory '/var/folders/mY/mY4RjjHMFaioJYIOleW6yE+++TI/-Tmp-/npm-1312390086428/1312390086428-0.9398385505191982'
verbose mkdir done: /var/folders/mY/mY4RjjHMFaioJYIOleW6yE+++TI/-Tmp-/npm-1312390086428/1312390086428-0.9398385505191982 755
verbose mkdir'ed /var/folders/mY/mY4RjjHMFaioJYIOleW6yE+++TI/-Tmp-/npm-1312390086428/1312390086428-0.9398385505191982
verbose tar about to write tar and gzip it.
silly tar args [ '-cvf',
silly tar args   '-',
silly tar args   'hem/.gitignore',
silly tar args   'hem/Cakefile',
silly tar args   'hem/LICENSE',
silly tar args   'hem/package.json',
silly tar args   'hem/README.md',
silly tar args   'hem/assets/stitch.eco',
silly tar args   'hem/bin/hem',
silly tar args   'hem/lib/compilers.js',
silly tar args   'hem/lib/hem.js',
silly tar args   'hem/lib/resolve.js',
silly tar args   'hem/lib/source.js',
silly tar args   'hem/lib/slug.js',
silly tar args   'hem/src/compilers.coffee',
silly tar args   'hem/src/hem.coffee',
silly tar args   'hem/src/resolve.coffee',
silly tar args   'hem/src/slug.coffee',
silly tar args   'hem/src/source.coffee',
silly tar args   'hem/examples/slug.json',
silly tar args   'hem/examples/app/index.coffee',
silly tar args   'hem/examples/public/application.js',
silly tar args   'hem/examples/public/index.html',
silly tar args   'hem/examples/lib/custom.js' ]
verbose success tar -cvf - <file list elided>
verbose success gzip "--stdout"
verbose mkdir walkDirs /var
verbose mkdir walkDirs /var/folders
verbose mkdir walkDirs /var/folders/mY
verbose mkdir walkDirs /var/folders/mY/mY4RjjHMFaioJYIOleW6yE+++TI
verbose mkdir walkDirs /var/folders/mY/mY4RjjHMFaioJYIOleW6yE+++TI/-Tmp-
verbose mkdir walkDirs /var/folders/mY/mY4RjjHMFaioJYIOleW6yE+++TI/-Tmp-/npm-1312390086428
verbose mkdir walkDirs /var/folders/mY/mY4RjjHMFaioJYIOleW6yE+++TI/-Tmp-/npm-1312390086428/1312390086428-0.9398385505191982
verbose mkdir walkDirs /var/folders/mY/mY4RjjHMFaioJYIOleW6yE+++TI/-Tmp-/npm-1312390086428/1312390086428-0.9398385505191982/contents
verbose mkdir (expected) error ENOENT, No such file or directory '/var/folders/mY/mY4RjjHMFaioJYIOleW6yE+++TI/-Tmp-/npm-1312390086428/1312390086428-0.9398385505191982/contents'
verbose mkdir walkDirs /var/folders/mY/mY4RjjHMFaioJYIOleW6yE+++TI/-Tmp-/npm-1312390086428/1312390086428-0.9398385505191982/contents/___package.npm
verbose mkdir (expected) error ENOENT, No such file or directory '/var/folders/mY/mY4RjjHMFaioJYIOleW6yE+++TI/-Tmp-/npm-1312390086428/1312390086428-0.9398385505191982/contents/___package.npm'
verbose mkdir done: /var/folders/mY/mY4RjjHMFaioJYIOleW6yE+++TI/-Tmp-/npm-1312390086428/1312390086428-0.9398385505191982/contents/___package.npm 755
verbose unpack_ uid, gid [ undefined, undefined ]
verbose unpackTarget /var/folders/mY/mY4RjjHMFaioJYIOleW6yE+++TI/-Tmp-/npm-1312390086428/1312390086428-0.9398385505191982/contents/package
silly gunzTarPerm modes [ '755', '644' ]
verbose success gzip "--decompress" "--stdout" "/var/folders/mY/mY4RjjHMFaioJYIOleW6yE+++TI/-Tmp-/npm-1312390086428/1312390086428-0.9398385505191982/tmp.tgz"
verbose success tar "-mvxpf" "-" "-o" "-C" "/var/folders/mY/mY4RjjHMFaioJYIOleW6yE+++TI/-Tmp-/npm-1312390086428/1312390086428-0.9398385505191982/contents/___package.npm"
silly asyncMap in gTP /var/folders/mY/mY4RjjHMFaioJYIOleW6yE+++TI/-Tmp-/npm-1312390086428/1312390086428-0.9398385505191982/contents/___package.npm/hem/
silly asyncMap in gTP /var/folders/mY/mY4RjjHMFaioJYIOleW6yE+++TI/-Tmp-/npm-1312390086428/1312390086428-0.9398385505191982/contents/___package.npm/hem/.gitignore
silly asyncMap in gTP /var/folders/mY/mY4RjjHMFaioJYIOleW6yE+++TI/-Tmp-/npm-1312390086428/1312390086428-0.9398385505191982/contents/___package.npm/hem/Cakefile
silly asyncMap in gTP /var/folders/mY/mY4RjjHMFaioJYIOleW6yE+++TI/-Tmp-/npm-1312390086428/1312390086428-0.9398385505191982/contents/___package.npm/hem/LICENSE
silly asyncMap in gTP /var/folders/mY/mY4RjjHMFaioJYIOleW6yE+++TI/-Tmp-/npm-1312390086428/1312390086428-0.9398385505191982/contents/___package.npm/hem/package.json
silly asyncMap in gTP /var/folders/mY/mY4RjjHMFaioJYIOleW6yE+++TI/-Tmp-/npm-1312390086428/1312390086428-0.9398385505191982/contents/___package.npm/hem/README.md
silly asyncMap in gTP /var/folders/mY/mY4RjjHMFaioJYIOleW6yE+++TI/-Tmp-/npm-1312390086428/1312390086428-0.9398385505191982/contents/___package.npm/hem/assets/
silly asyncMap in gTP /var/folders/mY/mY4RjjHMFaioJYIOleW6yE+++TI/-Tmp-/npm-1312390086428/1312390086428-0.9398385505191982/contents/___package.npm/hem/assets/stitch.eco
silly asyncMap in gTP /var/folders/mY/mY4RjjHMFaioJYIOleW6yE+++TI/-Tmp-/npm-1312390086428/1312390086428-0.9398385505191982/contents/___package.npm/hem/bin/
silly asyncMap in gTP /var/folders/mY/mY4RjjHMFaioJYIOleW6yE+++TI/-Tmp-/npm-1312390086428/1312390086428-0.9398385505191982/contents/___package.npm/hem/bin/hem
silly asyncMap in gTP /var/folders/mY/mY4RjjHMFaioJYIOleW6yE+++TI/-Tmp-/npm-1312390086428/1312390086428-0.9398385505191982/contents/___package.npm/hem/lib/
silly asyncMap in gTP /var/folders/mY/mY4RjjHMFaioJYIOleW6yE+++TI/-Tmp-/npm-1312390086428/1312390086428-0.9398385505191982/contents/___package.npm/hem/lib/compilers.js
silly asyncMap in gTP /var/folders/mY/mY4RjjHMFaioJYIOleW6yE+++TI/-Tmp-/npm-1312390086428/1312390086428-0.9398385505191982/contents/___package.npm/hem/lib/hem.js
silly asyncMap in gTP /var/folders/mY/mY4RjjHMFaioJYIOleW6yE+++TI/-Tmp-/npm-1312390086428/1312390086428-0.9398385505191982/contents/___package.npm/hem/lib/resolve.js
silly asyncMap in gTP /var/folders/mY/mY4RjjHMFaioJYIOleW6yE+++TI/-Tmp-/npm-1312390086428/1312390086428-0.9398385505191982/contents/___package.npm/hem/lib/slug.js
silly asyncMap in gTP /var/folders/mY/mY4RjjHMFaioJYIOleW6yE+++TI/-Tmp-/npm-1312390086428/1312390086428-0.9398385505191982/contents/___package.npm/hem/lib/source.js
silly asyncMap in gTP /var/folders/mY/mY4RjjHMFaioJYIOleW6yE+++TI/-Tmp-/npm-1312390086428/1312390086428-0.9398385505191982/contents/___package.npm/hem/src/
silly asyncMap in gTP /var/folders/mY/mY4RjjHMFaioJYIOleW6yE+++TI/-Tmp-/npm-1312390086428/1312390086428-0.9398385505191982/contents/___package.npm/hem/src/compilers.coffee
silly asyncMap in gTP /var/folders/mY/mY4RjjHMFaioJYIOleW6yE+++TI/-Tmp-/npm-1312390086428/1312390086428-0.9398385505191982/contents/___package.npm/hem/src/hem.coffee
silly asyncMap in gTP /var/folders/mY/mY4RjjHMFaioJYIOleW6yE+++TI/-Tmp-/npm-1312390086428/1312390086428-0.9398385505191982/contents/___package.npm/hem/src/resolve.coffee
silly asyncMap in gTP /var/folders/mY/mY4RjjHMFaioJYIOleW6yE+++TI/-Tmp-/npm-1312390086428/1312390086428-0.9398385505191982/contents/___package.npm/hem/src/slug.coffee
silly asyncMap in gTP /var/folders/mY/mY4RjjHMFaioJYIOleW6yE+++TI/-Tmp-/npm-1312390086428/1312390086428-0.9398385505191982/contents/___package.npm/hem/src/source.coffee
silly asyncMap in gTP /var/folders/mY/mY4RjjHMFaioJYIOleW6yE+++TI/-Tmp-/npm-1312390086428/1312390086428-0.9398385505191982/contents/___package.npm/hem/examples/
silly asyncMap in gTP /var/folders/mY/mY4RjjHMFaioJYIOleW6yE+++TI/-Tmp-/npm-1312390086428/1312390086428-0.9398385505191982/contents/___package.npm/hem/examples/slug.json
silly asyncMap in gTP /var/folders/mY/mY4RjjHMFaioJYIOleW6yE+++TI/-Tmp-/npm-1312390086428/1312390086428-0.9398385505191982/contents/___package.npm/hem/examples/app/
silly asyncMap in gTP /var/folders/mY/mY4RjjHMFaioJYIOleW6yE+++TI/-Tmp-/npm-1312390086428/1312390086428-0.9398385505191982/contents/___package.npm/hem/examples/app/index.coffee
silly asyncMap in gTP /var/folders/mY/mY4RjjHMFaioJYIOleW6yE+++TI/-Tmp-/npm-1312390086428/1312390086428-0.9398385505191982/contents/___package.npm/hem/examples/public/
silly asyncMap in gTP /var/folders/mY/mY4RjjHMFaioJYIOleW6yE+++TI/-Tmp-/npm-1312390086428/1312390086428-0.9398385505191982/contents/___package.npm/hem/examples/public/application.js
silly asyncMap in gTP /var/folders/mY/mY4RjjHMFaioJYIOleW6yE+++TI/-Tmp-/npm-1312390086428/1312390086428-0.9398385505191982/contents/___package.npm/hem/examples/public/index.html
silly asyncMap in gTP /var/folders/mY/mY4RjjHMFaioJYIOleW6yE+++TI/-Tmp-/npm-1312390086428/1312390086428-0.9398385505191982/contents/___package.npm/hem/examples/lib/
silly asyncMap in gTP /var/folders/mY/mY4RjjHMFaioJYIOleW6yE+++TI/-Tmp-/npm-1312390086428/1312390086428-0.9398385505191982/contents/___package.npm/hem/examples/lib/custom.js
verbose gunzed /var/folders/mY/mY4RjjHMFaioJYIOleW6yE+++TI/-Tmp-/npm-1312390086428/1312390086428-0.9398385505191982/contents/___package.npm/hem
verbose rm'ed /var/folders/mY/mY4RjjHMFaioJYIOleW6yE+++TI/-Tmp-/npm-1312390086428/1312390086428-0.9398385505191982/contents/package
verbose renamed [ '/var/folders/mY/mY4RjjHMFaioJYIOleW6yE+++TI/-Tmp-/npm-1312390086428/1312390086428-0.9398385505191982/contents/___package.npm/hem',
verbose renamed   '/var/folders/mY/mY4RjjHMFaioJYIOleW6yE+++TI/-Tmp-/npm-1312390086428/1312390086428-0.9398385505191982/contents/package' ]
silly testEngine { name: 'hem',
silly testEngine   description: 'CommonJS stitcher.',
silly testEngine   version: '0.0.2',
silly testEngine   author: { name: 'maccman' },
silly testEngine   licenses: 
silly testEngine    [ { type: 'MIT',
silly testEngine        url: 'https://github.com/maccman/hem/blob/master/LICENSE' } ],
silly testEngine   repository: 
silly testEngine    { type: 'git',
silly testEngine      url: 'git://github.com/maccman/hem.git' },
silly testEngine   engine: [ 'node >=0.1.102' ],
silly testEngine   main: './lib/hem.js',
silly testEngine   bin: { hem: './bin/hem' },
silly testEngine   dependencies: 
silly testEngine    { eco: '1.1.0-rc-1',
silly testEngine      'uglify-js': '~1.0.6',
silly testEngine      express: '~2.4.3',
silly testEngine      detective: '~0.0.1',
silly testEngine      optimist: '~0.2.6',
silly testEngine      'coffee-script': '~1.1.1' },
silly testEngine   _npmJsonOpts: 
silly testEngine    { file: '/var/folders/mY/mY4RjjHMFaioJYIOleW6yE+++TI/-Tmp-/npm-1312390086428/1312390086428-0.9398385505191982/contents/package/package.json',
silly testEngine      wscript: false,
silly testEngine      contributors: false,
silly testEngine      serverjs: false },
silly testEngine   _id: 'hem@0.0.2',
silly testEngine   devDependencies: {},
silly testEngine   engines: { node: '*' },
silly testEngine   _engineSupported: true,
silly testEngine   _npmVersion: '1.0.22',
silly testEngine   _nodeVersion: 'v0.4.10',
silly testEngine   _defaultsLoaded: true,
silly testEngine   path: '/var/folders/mY/mY4RjjHMFaioJYIOleW6yE+++TI/-Tmp-/npm-1312390086428/1312390086428-0.9398385505191982/contents/package' }
verbose caching /var/folders/mY/mY4RjjHMFaioJYIOleW6yE+++TI/-Tmp-/npm-1312390086428/1312390086428-0.9398385505191982/contents/package/package.json
verbose loadDefaults hem@0.0.2
verbose tarball contents [ 'package' ]
verbose from cache /var/folders/mY/mY4RjjHMFaioJYIOleW6yE+++TI/-Tmp-/npm-1312390086428/1312390086428-0.9398385505191982/contents/package/package.json
verbose pack /var/folders/mY/mY4RjjHMFaioJYIOleW6yE+++TI/-Tmp-/npm-1312390086428/1312390086428-0.9398385505191982/contents/package /Users/Alex/.npm/hem/0.0.2/package.tgz
verbose mkdir'ed /Users/Alex/.npm/hem/0.0.2
verbose tar about to write tar and gzip it.
silly tar args [ '-cvf',
silly tar args   '-',
silly tar args   'package/.gitignore',
silly tar args   'package/Cakefile',
silly tar args   'package/LICENSE',
silly tar args   'package/package.json',
silly tar args   'package/README.md',
silly tar args   'package/assets/stitch.eco',
silly tar args   'package/bin/hem',
silly tar args   'package/lib/compilers.js',
silly tar args   'package/lib/hem.js',
silly tar args   'package/lib/resolve.js',
silly tar args   'package/lib/slug.js',
silly tar args   'package/lib/source.js',
silly tar args   'package/src/compilers.coffee',
silly tar args   'package/src/hem.coffee',
silly tar args   'package/src/resolve.coffee',
silly tar args   'package/src/slug.coffee',
silly tar args   'package/src/source.coffee',
silly tar args   'package/examples/slug.json',
silly tar args   'package/examples/lib/custom.js',
silly tar args   'package/examples/app/index.coffee',
silly tar args   'package/examples/public/application.js',
silly tar args   'package/examples/public/index.html' ]
verbose success tar -cvf - <file list elided>
verbose success gzip "--stdout"
verbose mkdir walkDirs /Users
verbose mkdir walkDirs /Users/Alex
verbose mkdir walkDirs /Users/Alex/.npm
verbose mkdir walkDirs /Users/Alex/.npm/hem
verbose mkdir walkDirs /Users/Alex/.npm/hem/0.0.2
verbose mkdir walkDirs /Users/Alex/.npm/hem/0.0.2/___package.npm
verbose mkdir (expected) error ENOENT, No such file or directory '/Users/Alex/.npm/hem/0.0.2/___package.npm'
verbose mkdir done: /Users/Alex/.npm/hem/0.0.2/___package.npm 755
verbose unpack_ uid, gid [ undefined, undefined ]
verbose unpackTarget /Users/Alex/.npm/hem/0.0.2/package
silly gunzTarPerm modes [ '755', '644' ]
verbose success gzip "--decompress" "--stdout" "/Users/Alex/.npm/hem/0.0.2/package.tgz"
verbose success tar "-mvxpf" "-" "-o" "-C" "/Users/Alex/.npm/hem/0.0.2/___package.npm"
silly asyncMap in gTP /Users/Alex/.npm/hem/0.0.2/___package.npm/package/
silly asyncMap in gTP /Users/Alex/.npm/hem/0.0.2/___package.npm/package/.gitignore
silly asyncMap in gTP /Users/Alex/.npm/hem/0.0.2/___package.npm/package/Cakefile
silly asyncMap in gTP /Users/Alex/.npm/hem/0.0.2/___package.npm/package/LICENSE
silly asyncMap in gTP /Users/Alex/.npm/hem/0.0.2/___package.npm/package/package.json
silly asyncMap in gTP /Users/Alex/.npm/hem/0.0.2/___package.npm/package/README.md
silly asyncMap in gTP /Users/Alex/.npm/hem/0.0.2/___package.npm/package/assets/
silly asyncMap in gTP /Users/Alex/.npm/hem/0.0.2/___package.npm/package/assets/stitch.eco
silly asyncMap in gTP /Users/Alex/.npm/hem/0.0.2/___package.npm/package/bin/
silly asyncMap in gTP /Users/Alex/.npm/hem/0.0.2/___package.npm/package/bin/hem
silly asyncMap in gTP /Users/Alex/.npm/hem/0.0.2/___package.npm/package/lib/
silly asyncMap in gTP /Users/Alex/.npm/hem/0.0.2/___package.npm/package/lib/compilers.js
silly asyncMap in gTP /Users/Alex/.npm/hem/0.0.2/___package.npm/package/lib/hem.js
silly asyncMap in gTP /Users/Alex/.npm/hem/0.0.2/___package.npm/package/lib/resolve.js
silly asyncMap in gTP /Users/Alex/.npm/hem/0.0.2/___package.npm/package/lib/slug.js
silly asyncMap in gTP /Users/Alex/.npm/hem/0.0.2/___package.npm/package/lib/source.js
silly asyncMap in gTP /Users/Alex/.npm/hem/0.0.2/___package.npm/package/src/
silly asyncMap in gTP /Users/Alex/.npm/hem/0.0.2/___package.npm/package/src/compilers.coffee
silly asyncMap in gTP /Users/Alex/.npm/hem/0.0.2/___package.npm/package/src/hem.coffee
silly asyncMap in gTP /Users/Alex/.npm/hem/0.0.2/___package.npm/package/src/resolve.coffee
silly asyncMap in gTP /Users/Alex/.npm/hem/0.0.2/___package.npm/package/src/slug.coffee
silly asyncMap in gTP /Users/Alex/.npm/hem/0.0.2/___package.npm/package/src/source.coffee
silly asyncMap in gTP /Users/Alex/.npm/hem/0.0.2/___package.npm/package/examples/
silly asyncMap in gTP /Users/Alex/.npm/hem/0.0.2/___package.npm/package/examples/slug.json
silly asyncMap in gTP /Users/Alex/.npm/hem/0.0.2/___package.npm/package/examples/app/
silly asyncMap in gTP /Users/Alex/.npm/hem/0.0.2/___package.npm/package/examples/app/index.coffee
silly asyncMap in gTP /Users/Alex/.npm/hem/0.0.2/___package.npm/package/examples/lib/
silly asyncMap in gTP /Users/Alex/.npm/hem/0.0.2/___package.npm/package/examples/lib/custom.js
silly asyncMap in gTP /Users/Alex/.npm/hem/0.0.2/___package.npm/package/examples/public/
silly asyncMap in gTP /Users/Alex/.npm/hem/0.0.2/___package.npm/package/examples/public/application.js
silly asyncMap in gTP /Users/Alex/.npm/hem/0.0.2/___package.npm/package/examples/public/index.html
verbose gunzed /Users/Alex/.npm/hem/0.0.2/___package.npm/package
verbose rm'ed /Users/Alex/.npm/hem/0.0.2/package
verbose renamed [ '/Users/Alex/.npm/hem/0.0.2/___package.npm/package',
verbose renamed   '/Users/Alex/.npm/hem/0.0.2/package' ]
silly testEngine { name: 'hem',
silly testEngine   description: 'CommonJS stitcher.',
silly testEngine   version: '0.0.2',
silly testEngine   author: { name: 'maccman' },
silly testEngine   licenses: 
silly testEngine    [ { type: 'MIT',
silly testEngine        url: 'https://github.com/maccman/hem/blob/master/LICENSE' } ],
silly testEngine   repository: 
silly testEngine    { type: 'git',
silly testEngine      url: 'git://github.com/maccman/hem.git' },
silly testEngine   engine: [ 'node >=0.1.102' ],
silly testEngine   main: './lib/hem.js',
silly testEngine   bin: { hem: './bin/hem' },
silly testEngine   dependencies: 
silly testEngine    { eco: '1.1.0-rc-1',
silly testEngine      'uglify-js': '~1.0.6',
silly testEngine      express: '~2.4.3',
silly testEngine      detective: '~0.0.1',
silly testEngine      optimist: '~0.2.6',
silly testEngine      'coffee-script': '~1.1.1' },
silly testEngine   _npmJsonOpts: 
silly testEngine    { file: '/Users/Alex/.npm/hem/0.0.2/package/package.json',
silly testEngine      wscript: false,
silly testEngine      contributors: false,
silly testEngine      serverjs: false },
silly testEngine   _id: 'hem@0.0.2',
silly testEngine   devDependencies: {},
silly testEngine   engines: { node: '*' },
silly testEngine   _engineSupported: true,
silly testEngine   _npmVersion: '1.0.22',
silly testEngine   _nodeVersion: 'v0.4.10',
silly testEngine   _defaultsLoaded: true,
silly testEngine   dist: 
silly testEngine    { shasum: '89d08fb98e40782c47c19a41a94e68537e017ba2',
silly testEngine      tarball: 'http://registry.npmjs.org/hem/-/hem-0.0.2.tgz' },
silly testEngine   scripts: {} }
verbose caching /Users/Alex/.npm/hem/0.0.2/package/package.json
verbose loadDefaults hem@0.0.2
silly updated sha bytes 11209
info shasum 89d08fb98e40782c47c19a41a94e68537e017ba2
info shasum /Users/Alex/.npm/hem/0.0.2/package.tgz
verbose from cache /Users/Alex/.npm/hem/0.0.2/package/package.json
verbose chmod /Users/Alex/.npm/hem/0.0.2/package.tgz 644
silly publish { name: 'hem',
silly publish   description: 'CommonJS stitcher.',
silly publish   version: '0.0.2',
silly publish   author: { name: 'maccman' },
silly publish   licenses: 
silly publish    [ { type: 'MIT',
silly publish        url: 'https://github.com/maccman/hem/blob/master/LICENSE' } ],
silly publish   repository: 
silly publish    { type: 'git',
silly publish      url: 'git://github.com/maccman/hem.git' },
silly publish   engine: [ 'node >=0.1.102' ],
silly publish   main: './lib/hem.js',
silly publish   bin: { hem: './bin/hem' },
silly publish   dependencies: 
silly publish    { eco: '1.1.0-rc-1',
silly publish      'uglify-js': '~1.0.6',
silly publish      express: '~2.4.3',
silly publish      detective: '~0.0.1',
silly publish      optimist: '~0.2.6',
silly publish      'coffee-script': '~1.1.1' },
silly publish   _npmJsonOpts: 
silly publish    { file: '/Users/Alex/.npm/hem/0.0.2/package/package.json',
silly publish      wscript: false,
silly publish      contributors: false,
silly publish      serverjs: false },
silly publish   _id: 'hem@0.0.2',
silly publish   devDependencies: {},
silly publish   engines: { node: '*' },
silly publish   _engineSupported: true,
silly publish   _npmVersion: '1.0.22',
silly publish   _nodeVersion: 'v0.4.10',
silly publish   _defaultsLoaded: true,
silly publish   dist: 
silly publish    { shasum: '89d08fb98e40782c47c19a41a94e68537e017ba2',
silly publish      tarball: 'http://registry.npmjs.org/hem/-/hem-0.0.2.tgz' },
silly publish   scripts: {} }
info prepublish hem@0.0.2
verbose PUT hem
verbose raw, before any munging hem
verbose url resolving [ 'https://registry.npmjs.org/', './hem' ]
verbose url resolved https://registry.npmjs.org/hem
verbose url parsed { protocol: 'https:',
verbose url parsed   slashes: true,
verbose url parsed   host: 'registry.npmjs.org',
verbose url parsed   hostname: 'registry.npmjs.org',
verbose url parsed   href: 'https://registry.npmjs.org/hem',
verbose url parsed   pathname: '/hem' }
silly writing json { _id: 'hem',
silly writing json   name: 'hem',
silly writing json   description: 'CommonJS stitcher.',
silly writing json   'dist-tags': {},
silly writing json   versions: {},
silly writing json   maintainers: [ { name: 'maccman', email: 'maccman@gmail.com' } ] }
verbose response https://registry.npmjs.org/hem
silly chunk {"error":"forbidden","reason":"must supply latest _rev to update existing package"}
silly chunk 
verbose GET hem
verbose raw, before any munging hem
verbose url resolving [ 'https://registry.npmjs.org/', './hem' ]
verbose url resolved https://registry.npmjs.org/hem
verbose url parsed { protocol: 'https:',
verbose url parsed   slashes: true,
verbose url parsed   host: 'registry.npmjs.org',
verbose url parsed   hostname: 'registry.npmjs.org',
verbose url parsed   href: 'https://registry.npmjs.org/hem',
verbose url parsed   pathname: '/hem' }
verbose response https://registry.npmjs.org/hem
silly chunk {"_id":"hem","_rev":"5-2866db87f2b0352922e15c823ee4df0a","name":"hem","description":"CommonJS stitcher.","dist-tags":{"latest":"0.0.2"},"versions":{"0.0.1":{"name":"hem","description":"CommonJS stitcher.","version":"0.0.1","author":{"name":"maccman"},"licenses":[{"type":"MIT","url":"https://github.com/maccman/hem/blob/master/LICENSE"}],"repository":{"type":"git","url":"git://github.com/maccman/hem.git"},"engine":["node >=0.1.102"],"main":"./lib/hem.js","bin":{"hem":"./bin/hem"},"dependencies":{"eco":"1.1.0-rc-1","uglify-js":"~1.0.6","express":"~2.4.3","detective":"~0.0.1","optimist":"~0.2.6","coffee-script":"~1.1.1"},"_npmJsonOpts":{"file":"/Users/Alex/.npm/hem/0.0.1/package/package.json","wscript":false,"contributors":false,"serverjs":false},"_id":"hem@0.0.1","devDependencies":{},"engines":{"node":"*"},"_engineSupported":true,"_npmVersion":"1.0.22","_nodeVersion":"v0.4.10","_defaultsLoaded":true,"dist":{"shasum":"958e8bf33872e92b28650a96045a4878badbb4b6","tarball":"http://registry.npmjs.org/hem/-/hem-0.0.1.tgz"},"scripts":{},"maintainers":[{"name":"maccman","email":"maccman@gmail.com"}],"directories":{}},"0.0.2":{"name":"hem","description":"CommonJS stitcher.","version":"0.0.2","author":{"name":"maccman"},"licenses":[{"type":"MIT","url":
silly chunk "https://github.com/maccman/hem/blob/master/LICENSE"}],"repository":{"type":"git","url":"git://github.com/maccman/hem.git"},"engine":["node >=0.1.102"],"main":"./lib/hem.js","bin":{"hem":"./bin/hem"},"dependencies":{"eco":"1.1.0-rc-1","uglify-js":"~1.0.6","express":"~2.4.3","detective":"~0.0.1","optimist":"~0.2.6","coffee-script":"~1.1.1"},"_npmJsonOpts":{"file":"/Users/Alex/.npm/hem/0.0.2/package/package.json","wscript":false,"contributors":false,"serverjs":false},"_id":"hem@0.0.2","devDependencies":{},"engines":{"node":"*"},"_engineSupported":true,"_npmVersion":"1.0.22","_nodeVersion":"v0.4.10","_defaultsLoaded":true,"dist":{"shasum":"556f059c984a2748195581261cba5b4ff2d48b60","tarball":"http://registry.npmjs.org/hem/-/hem-0.0.2.tgz"},"scripts":{},"maintainers":[{"name":"maccman","email":"maccman@gmail.com"}],"directories":{}}},"maintainers":[{"name":"maccman","email":"maccman@gmail.com"}],"time":{"0.0.1":"2011-08-03T00:30:55.039Z","0.0.2":"2011-08-03T16:11:21.097Z"},"author":{"name":"maccman"},"repository":{"type":"git","url":"git://github.com/maccman/hem.git"}}
info Already published hem@0.0.2
verbose uploading bin dists []
ERR! publish fail Cannot publish over existing version.
ERR! publish fail Bump the 'version' field, set the --force flag, or
ERR! publish fail     npm unpublish 'hem@0.0.2'
ERR! publish fail and try again
ERR! 
ERR! System Darwin 10.7.1
ERR! command "node" "/usr/local/bin/npm" "publish" "."
ERR! cwd /Users/Alex/hem
ERR! node -v v0.4.10
ERR! npm -v 1.0.22
verbose exit [ 1, true ]
